# JRE version: OpenJDK Runtime Environment Temurin-17.0.7+7 (17.0.7+7) (build 17.0.7+7)
# Java VM: OpenJDK 64-Bit Server VM Temurin-17.0.7+7 (17.0.7+7, mixed mode, tiered, compressed oops, compressed class ptrs, parallel gc, windows-amd64)
GC Precious Log:
 CPUs: 8 total, 8 available
 Memory: 8119M
 Large Page Support: Disabled
 NUMA Support: Disabled
 Compressed Oops: Enabled (32-bit)
 Alignments: Space 512K, Generation 512K, Heap 2M
 Heap Min Capacity: 100M
 Heap Initial Capacity: 100M
 Heap Max Capacity: 1G
 Pre-touch: Disabled
 Parallel Workers: 8
Heap:
 PSYoungGen      total 17920K, used 15429K [0x00000000eab00000, 0x00000000ed200000, 0x0000000100000000)
  eden space 11264K, 78% used [0x00000000eab00000,0x00000000eb395738,0x00000000eb600000)
  from space 6656K, 99% used [0x00000000eb700000,0x00000000ebd7bf90,0x00000000ebd80000)
  to   space 14336K, 0% used [0x00000000ec400000,0x00000000ec400000,0x00000000ed200000)
 ParOldGen       total 134656K, used 126297K [0x00000000c0000000, 0x00000000c8380000, 0x00000000eab00000)
  object space 134656K, 93% used [0x00000000c0000000,0x00000000c7b56618,0x00000000c8380000)
 Metaspace       used 82272K, committed 83456K, reserved 1179648K
  class space    used 8348K, committed 8832K, reserved 1048576K
GC Heap History (20 events):
Event: 2515.236 GC heap before
{Heap before GC invocations=843 (full 24):
 PSYoungGen      total 4096K, used 3898K [0x00000000eab00000, 0x00000000eb580000, 0x0000000100000000)
  eden space 3072K, 99% used [0x00000000eab00000,0x00000000eadfea88,0x00000000eae00000)
  from space 1024K, 81% used [0x00000000eae00000,0x00000000eaed0000,0x00000000eaf00000)
  to   space 3072K, 0% used [0x00000000eb280000,0x00000000eb280000,0x00000000eb580000)
 ParOldGen       total 134656K, used 96363K [0x00000000c0000000, 0x00000000c8380000, 0x00000000eab00000)
  object space 134656K, 71% used [0x00000000c0000000,0x00000000c5e1af48,0x00000000c8380000)
 Metaspace       used 82100K, committed 83264K, reserved 1179648K
  class space    used 8346K, committed 8832K, reserved 1048576K
}
Event: 2515.238 GC heap after
{Heap after GC invocations=843 (full 24):
 PSYoungGen      total 7168K, used 2916K [0x00000000eab00000, 0x00000000eb600000, 0x0000000100000000)
  eden space 4096K, 0% used [0x00000000eab00000,0x00000000eab00000,0x00000000eaf00000)
  from space 3072K, 94% used [0x00000000eb280000,0x00000000eb559048,0x00000000eb580000)
  to   space 3584K, 0% used [0x00000000eaf00000,0x00000000eaf00000,0x00000000eb280000)
 ParOldGen       total 134656K, used 97082K [0x00000000c0000000, 0x00000000c8380000, 0x00000000eab00000)
  object space 134656K, 72% used [0x00000000c0000000,0x00000000c5eceaf0,0x00000000c8380000)
 Metaspace       used 82100K, committed 83264K, reserved 1179648K
  class space    used 8346K, committed 8832K, reserved 1048576K
}
Event: 2515.283 GC heap before
{Heap before GC invocations=844 (full 24):
 PSYoungGen      total 7168K, used 7012K [0x00000000eab00000, 0x00000000eb600000, 0x0000000100000000)
  eden space 4096K, 100% used [0x00000000eab00000,0x00000000eaf00000,0x00000000eaf00000)
  from space 3072K, 94% used [0x00000000eb280000,0x00000000eb559048,0x00000000eb580000)
  to   space 3584K, 0% used [0x00000000eaf00000,0x00000000eaf00000,0x00000000eb280000)
 ParOldGen       total 134656K, used 97082K [0x00000000c0000000, 0x00000000c8380000, 0x00000000eab00000)
  object space 134656K, 72% used [0x00000000c0000000,0x00000000c5eceaf0,0x00000000c8380000)
 Metaspace       used 82120K, committed 83264K, reserved 1179648K
  class space    used 8346K, committed 8832K, reserved 1048576K
}
Event: 2515.286 GC heap after
{Heap after GC invocations=844 (full 24):
 PSYoungGen      total 7680K, used 1597K [0x00000000eab00000, 0x00000000eb500000, 0x0000000100000000)
  eden space 4096K, 0% used [0x00000000eab00000,0x00000000eab00000,0x00000000eaf00000)
  from space 3584K, 44% used [0x00000000eaf00000,0x00000000eb08f6f8,0x00000000eb280000)
  to   space 2560K, 0% used [0x00000000eb280000,0x00000000eb280000,0x00000000eb500000)
 ParOldGen       total 134656K, used 99854K [0x00000000c0000000, 0x00000000c8380000, 0x00000000eab00000)
  object space 134656K, 74% used [0x00000000c0000000,0x00000000c6183b38,0x00000000c8380000)
 Metaspace       used 82120K, committed 83264K, reserved 1179648K
  class space    used 8346K, committed 8832K, reserved 1048576K
}
Event: 2515.340 GC heap before
{Heap before GC invocations=845 (full 24):
 PSYoungGen      total 7680K, used 5693K [0x00000000eab00000, 0x00000000eb500000, 0x0000000100000000)
  eden space 4096K, 100% used [0x00000000eab00000,0x00000000eaf00000,0x00000000eaf00000)
  from space 3584K, 44% used [0x00000000eaf00000,0x00000000eb08f6f8,0x00000000eb280000)
  to   space 2560K, 0% used [0x00000000eb280000,0x00000000eb280000,0x00000000eb500000)
 ParOldGen       total 134656K, used 99854K [0x00000000c0000000, 0x00000000c8380000, 0x00000000eab00000)
  object space 134656K, 74% used [0x00000000c0000000,0x00000000c6183b38,0x00000000c8380000)
 Metaspace       used 82128K, committed 83264K, reserved 1179648K
  class space    used 8346K, committed 8832K, reserved 1048576K
}
Event: 2515.342 GC heap after
{Heap after GC invocations=845 (full 24):
 PSYoungGen      total 6656K, used 1056K [0x00000000eab00000, 0x00000000eb400000, 0x0000000100000000)
  eden space 5120K, 0% used [0x00000000eab00000,0x00000000eab00000,0x00000000eb000000)
  from space 1536K, 68% used [0x00000000eb280000,0x00000000eb388000,0x00000000eb400000)
  to   space 1536K, 0% used [0x00000000eb100000,0x00000000eb100000,0x00000000eb280000)
 ParOldGen       total 134656K, used 101128K [0x00000000c0000000, 0x00000000c8380000, 0x00000000eab00000)
  object space 134656K, 75% used [0x00000000c0000000,0x00000000c62c2020,0x00000000c8380000)
 Metaspace       used 82128K, committed 83264K, reserved 1179648K
  class space    used 8346K, committed 8832K, reserved 1048576K
}
Event: 2515.372 GC heap before
{Heap before GC invocations=846 (full 24):
 PSYoungGen      total 6656K, used 6176K [0x00000000eab00000, 0x00000000eb400000, 0x0000000100000000)
  eden space 5120K, 100% used [0x00000000eab00000,0x00000000eb000000,0x00000000eb000000)
  from space 1536K, 68% used [0x00000000eb280000,0x00000000eb388000,0x00000000eb400000)
  to   space 1536K, 0% used [0x00000000eb100000,0x00000000eb100000,0x00000000eb280000)
 ParOldGen       total 134656K, used 101128K [0x00000000c0000000, 0x00000000c8380000, 0x00000000eab00000)
  object space 134656K, 75% used [0x00000000c0000000,0x00000000c62c2020,0x00000000c8380000)
 Metaspace       used 82136K, committed 83264K, reserved 1179648K
  class space    used 8347K, committed 8832K, reserved 1048576K
}
Event: 2515.375 GC heap after
{Heap after GC invocations=846 (full 24):
 PSYoungGen      total 7680K, used 1524K [0x00000000eab00000, 0x00000000ebb00000, 0x0000000100000000)
  eden space 6144K, 0% used [0x00000000eab00000,0x00000000eab00000,0x00000000eb100000)
  from space 1536K, 99% used [0x00000000eb100000,0x00000000eb27d2b0,0x00000000eb280000)
  to   space 5120K, 0% used [0x00000000eb600000,0x00000000eb600000,0x00000000ebb00000)
 ParOldGen       total 134656K, used 104064K [0x00000000c0000000, 0x00000000c8380000, 0x00000000eab00000)
  object space 134656K, 77% used [0x00000000c0000000,0x00000000c65a0030,0x00000000c8380000)
 Metaspace       used 82136K, committed 83264K, reserved 1179648K
  class space    used 8347K, committed 8832K, reserved 1048576K
}
Event: 2515.505 GC heap before
{Heap before GC invocations=847 (full 24):
 PSYoungGen      total 7680K, used 7668K [0x00000000eab00000, 0x00000000ebb00000, 0x0000000100000000)
  eden space 6144K, 100% used [0x00000000eab00000,0x00000000eb100000,0x00000000eb100000)
  from space 1536K, 99% used [0x00000000eb100000,0x00000000eb27d2b0,0x00000000eb280000)
  to   space 5120K, 0% used [0x00000000eb600000,0x00000000eb600000,0x00000000ebb00000)
 ParOldGen       total 134656K, used 104064K [0x00000000c0000000, 0x00000000c8380000, 0x00000000eab00000)
  object space 134656K, 77% used [0x00000000c0000000,0x00000000c65a0030,0x00000000c8380000)
 Metaspace       used 82150K, committed 83328K, reserved 1179648K
  class space    used 8348K, committed 8832K, reserved 1048576K
}
Event: 2515.509 GC heap after
{Heap after GC invocations=847 (full 24):
 PSYoungGen      total 11264K, used 3757K [0x00000000eab00000, 0x00000000eba00000, 0x0000000100000000)
  eden space 7168K, 0% used [0x00000000eab00000,0x00000000eab00000,0x00000000eb200000)
  from space 4096K, 91% used [0x00000000eb600000,0x00000000eb9ab7b0,0x00000000eba00000)
  to   space 4096K, 0% used [0x00000000eb200000,0x00000000eb200000,0x00000000eb600000)
 ParOldGen       total 134656K, used 105610K [0x00000000c0000000, 0x00000000c8380000, 0x00000000eab00000)
  object space 134656K, 78% used [0x00000000c0000000,0x00000000c6722bf0,0x00000000c8380000)
 Metaspace       used 82150K, committed 83328K, reserved 1179648K
  class space    used 8348K, committed 8832K, reserved 1048576K
}
Event: 2515.535 GC heap before
{Heap before GC invocations=848 (full 24):
 PSYoungGen      total 11264K, used 10925K [0x00000000eab00000, 0x00000000eba00000, 0x0000000100000000)
  eden space 7168K, 100% used [0x00000000eab00000,0x00000000eb200000,0x00000000eb200000)
  from space 4096K, 91% used [0x00000000eb600000,0x00000000eb9ab7b0,0x00000000eba00000)
  to   space 4096K, 0% used [0x00000000eb200000,0x00000000eb200000,0x00000000eb600000)
 ParOldGen       total 134656K, used 105610K [0x00000000c0000000, 0x00000000c8380000, 0x00000000eab00000)
  object space 134656K, 78% used [0x00000000c0000000,0x00000000c6722bf0,0x00000000c8380000)
 Metaspace       used 82150K, committed 83328K, reserved 1179648K
  class space    used 8348K, committed 8832K, reserved 1048576K
}
Event: 2515.542 GC heap after
{Heap after GC invocations=848 (full 24):
 PSYoungGen      total 11264K, used 4064K [0x00000000eab00000, 0x00000000eca00000, 0x0000000100000000)
  eden space 7168K, 0% used [0x00000000eab00000,0x00000000eab00000,0x00000000eb200000)
  from space 4096K, 99% used [0x00000000eb200000,0x00000000eb5f8140,0x00000000eb600000)
  to   space 11776K, 0% used [0x00000000ebe80000,0x00000000ebe80000,0x00000000eca00000)
 ParOldGen       total 134656K, used 111709K [0x00000000c0000000, 0x00000000c8380000, 0x00000000eab00000)
  object space 134656K, 82% used [0x00000000c0000000,0x00000000c6d17738,0x00000000c8380000)
 Metaspace       used 82150K, committed 83328K, reserved 1179648K
  class space    used 8348K, committed 8832K, reserved 1048576K
}
Event: 2515.610 GC heap before
{Heap before GC invocations=849 (full 24):
 PSYoungGen      total 11264K, used 11232K [0x00000000eab00000, 0x00000000eca00000, 0x0000000100000000)
  eden space 7168K, 100% used [0x00000000eab00000,0x00000000eb200000,0x00000000eb200000)
  from space 4096K, 99% used [0x00000000eb200000,0x00000000eb5f8140,0x00000000eb600000)
  to   space 11776K, 0% used [0x00000000ebe80000,0x00000000ebe80000,0x00000000eca00000)
 ParOldGen       total 134656K, used 111709K [0x00000000c0000000, 0x00000000c8380000, 0x00000000eab00000)
  object space 134656K, 82% used [0x00000000c0000000,0x00000000c6d17738,0x00000000c8380000)
 Metaspace       used 82192K, committed 83328K, reserved 1179648K
  class space    used 8348K, committed 8832K, reserved 1048576K
}
Event: 2515.615 GC heap after
{Heap after GC invocations=849 (full 24):
 PSYoungGen      total 12800K, used 4148K [0x00000000eab00000, 0x00000000ec300000, 0x0000000100000000)
  eden space 8192K, 0% used [0x00000000eab00000,0x00000000eab00000,0x00000000eb300000)
  from space 4608K, 90% used [0x00000000ebe80000,0x00000000ec28d2b0,0x00000000ec300000)
  to   space 6656K, 0% used [0x00000000eb600000,0x00000000eb600000,0x00000000ebc80000)
 ParOldGen       total 134656K, used 115022K [0x00000000c0000000, 0x00000000c8380000, 0x00000000eab00000)
  object space 134656K, 85% used [0x00000000c0000000,0x00000000c7053b40,0x00000000c8380000)
 Metaspace       used 82192K, committed 83328K, reserved 1179648K
  class space    used 8348K, committed 8832K, reserved 1048576K
}
Event: 2515.656 GC heap before
{Heap before GC invocations=850 (full 24):
 PSYoungGen      total 12800K, used 12340K [0x00000000eab00000, 0x00000000ec300000, 0x0000000100000000)
  eden space 8192K, 100% used [0x00000000eab00000,0x00000000eb300000,0x00000000eb300000)
  from space 4608K, 90% used [0x00000000ebe80000,0x00000000ec28d2b0,0x00000000ec300000)
  to   space 6656K, 0% used [0x00000000eb600000,0x00000000eb600000,0x00000000ebc80000)
 ParOldGen       total 134656K, used 115022K [0x00000000c0000000, 0x00000000c8380000, 0x00000000eab00000)
  object space 134656K, 85% used [0x00000000c0000000,0x00000000c7053b40,0x00000000c8380000)
 Metaspace       used 82198K, committed 83328K, reserved 1179648K
  class space    used 8348K, committed 8832K, reserved 1048576K
}
Event: 2515.662 GC heap after
{Heap after GC invocations=850 (full 24):
 PSYoungGen      total 15872K, used 6651K [0x00000000eab00000, 0x00000000ecd00000, 0x0000000100000000)
  eden space 9216K, 0% used [0x00000000eab00000,0x00000000eab00000,0x00000000eb400000)
  from space 6656K, 99% used [0x00000000eb600000,0x00000000ebc7ece0,0x00000000ebc80000)
  to   space 12800K, 0% used [0x00000000ec080000,0x00000000ec080000,0x00000000ecd00000)
 ParOldGen       total 134656K, used 119820K [0x00000000c0000000, 0x00000000c8380000, 0x00000000eab00000)
  object space 134656K, 88% used [0x00000000c0000000,0x00000000c7503268,0x00000000c8380000)
 Metaspace       used 82198K, committed 83328K, reserved 1179648K
  class space    used 8348K, committed 8832K, reserved 1048576K
}
Event: 2515.725 GC heap before
{Heap before GC invocations=851 (full 24):
 PSYoungGen      total 15872K, used 15867K [0x00000000eab00000, 0x00000000ecd00000, 0x0000000100000000)
  eden space 9216K, 99% used [0x00000000eab00000,0x00000000eb3ffff8,0x00000000eb400000)
  from space 6656K, 99% used [0x00000000eb600000,0x00000000ebc7ece0,0x00000000ebc80000)
  to   space 12800K, 0% used [0x00000000ec080000,0x00000000ec080000,0x00000000ecd00000)
 ParOldGen       total 134656K, used 119820K [0x00000000c0000000, 0x00000000c8380000, 0x00000000eab00000)
  object space 134656K, 88% used [0x00000000c0000000,0x00000000c7503268,0x00000000c8380000)
 Metaspace       used 82248K, committed 83392K, reserved 1179648K
  class space    used 8348K, committed 8832K, reserved 1048576K
}
Event: 2515.728 GC heap after
{Heap after GC invocations=851 (full 24):
 PSYoungGen      total 13824K, used 3316K [0x00000000eab00000, 0x00000000ec400000, 0x0000000100000000)
  eden space 10240K, 0% used [0x00000000eab00000,0x00000000eab00000,0x00000000eb500000)
  from space 3584K, 92% used [0x00000000ec080000,0x00000000ec3bd2b0,0x00000000ec400000)
  to   space 6656K, 0% used [0x00000000eb700000,0x00000000eb700000,0x00000000ebd80000)
 ParOldGen       total 134656K, used 120560K [0x00000000c0000000, 0x00000000c8380000, 0x00000000eab00000)
  object space 134656K, 89% used [0x00000000c0000000,0x00000000c75bc3e8,0x00000000c8380000)
 Metaspace       used 82248K, committed 83392K, reserved 1179648K
  class space    used 8348K, committed 8832K, reserved 1048576K
}
Event: 2515.802 GC heap before
{Heap before GC invocations=852 (full 24):
 PSYoungGen      total 13824K, used 13556K [0x00000000eab00000, 0x00000000ec400000, 0x0000000100000000)
  eden space 10240K, 100% used [0x00000000eab00000,0x00000000eb500000,0x00000000eb500000)
  from space 3584K, 92% used [0x00000000ec080000,0x00000000ec3bd2b0,0x00000000ec400000)
  to   space 6656K, 0% used [0x00000000eb700000,0x00000000eb700000,0x00000000ebd80000)
 ParOldGen       total 134656K, used 120560K [0x00000000c0000000, 0x00000000c8380000, 0x00000000eab00000)
  object space 134656K, 89% used [0x00000000c0000000,0x00000000c75bc3e8,0x00000000c8380000)
 Metaspace       used 82250K, committed 83392K, reserved 1179648K
  class space    used 8348K, committed 8832K, reserved 1048576K
}
Event: 2515.810 GC heap after
{Heap after GC invocations=852 (full 24):
 PSYoungGen      total 17920K, used 6639K [0x00000000eab00000, 0x00000000ed200000, 0x0000000100000000)
  eden space 11264K, 0% used [0x00000000eab00000,0x00000000eab00000,0x00000000eb600000)
  from space 6656K, 99% used [0x00000000eb700000,0x00000000ebd7bf90,0x00000000ebd80000)
  to   space 14336K, 0% used [0x00000000ec400000,0x00000000ec400000,0x00000000ed200000)
 ParOldGen       total 134656K, used 126297K [0x00000000c0000000, 0x00000000c8380000, 0x00000000eab00000)
  object space 134656K, 93% used [0x00000000c0000000,0x00000000c7b56618,0x00000000c8380000)
 Metaspace       used 82250K, committed 83392K, reserved 1179648K
  class space    used 8348K, committed 8832K, reserved 1048576K
}

